<component name="libraryTable">
  <library name="junit">
    <CLASSES>
      <root url="jar://$PROJECT_DIR$/third_party/java/junit/junit-dep-4.11.jar!/" />
    </CLASSES>
    <JAVADOC />
    <SOURCES>
      <root url="jar://$PROJECT_DIR$/third_party/java/junit/junit-dep-4.11-src.jar!/" />
    </SOURCES>
  </library>
</component>